D:\vs程序\vs2010\第10章\卡尔曼滤波器的跟踪弹球模拟\opencv\Debug\cl.command.1.tlog
D:\vs程序\vs2010\第10章\卡尔曼滤波器的跟踪弹球模拟\opencv\Debug\CL.read.1.tlog
D:\vs程序\vs2010\第10章\卡尔曼滤波器的跟踪弹球模拟\opencv\Debug\CL.write.1.tlog
D:\vs程序\vs2010\第10章\卡尔曼滤波器的跟踪弹球模拟\opencv\Debug\link.1232.read.1.tlog
D:\vs程序\vs2010\第10章\卡尔曼滤波器的跟踪弹球模拟\opencv\Debug\link.1232.write.1.tlog
D:\vs程序\vs2010\第10章\卡尔曼滤波器的跟踪弹球模拟\opencv\Debug\link.1232-cvtres.read.1.tlog
D:\vs程序\vs2010\第10章\卡尔曼滤波器的跟踪弹球模拟\opencv\Debug\link.1232-cvtres.write.1.tlog
D:\vs程序\vs2010\第10章\卡尔曼滤波器的跟踪弹球模拟\opencv\Debug\link.command.1.tlog
D:\vs程序\vs2010\第10章\卡尔曼滤波器的跟踪弹球模拟\opencv\Debug\link.read.1.tlog
D:\vs程序\vs2010\第10章\卡尔曼滤波器的跟踪弹球模拟\opencv\Debug\link.write.1.tlog
D:\vs程序\vs2010\第10章\卡尔曼滤波器的跟踪弹球模拟\opencv\Debug\link-cvtres.read.1.tlog
D:\vs程序\vs2010\第10章\卡尔曼滤波器的跟踪弹球模拟\opencv\Debug\link-cvtres.write.1.tlog
D:\vs程序\vs2010\第10章\卡尔曼滤波器的跟踪弹球模拟\opencv\Debug\mt.command.1.tlog
D:\vs程序\vs2010\第10章\卡尔曼滤波器的跟踪弹球模拟\opencv\Debug\mt.read.1.tlog
D:\vs程序\vs2010\第10章\卡尔曼滤波器的跟踪弹球模拟\opencv\Debug\mt.write.1.tlog
D:\vs程序\vs2010\第10章\卡尔曼滤波器的跟踪弹球模拟\opencv\Debug\opencv_manifest.rc
D:\vs程序\vs2010\第10章\卡尔曼滤波器的跟踪弹球模拟\opencv\Debug\rc.command.1.tlog
D:\vs程序\vs2010\第10章\卡尔曼滤波器的跟踪弹球模拟\opencv\Debug\rc.read.1.tlog
D:\vs程序\vs2010\第10章\卡尔曼滤波器的跟踪弹球模拟\opencv\Debug\rc.write.1.tlog
D:\vs程序\vs2010\第10章\卡尔曼滤波器的跟踪弹球模拟\opencv\Debug\vc100.idb
D:\VS程序\VS2010\第十章\卡尔曼滤波器\DEBUG\OPENCV.EXE
D:\VS程序\VS2010\第十章\卡尔曼滤波器\DEBUG\OPENCV.ILK
D:\VS程序\VS2010\第十章\卡尔曼滤波器\DEBUG\OPENCV.PDB
D:\VS程序\VS2010\第十章\卡尔曼滤波器\OPENCV\DEBUG\KALMAN-1.0版.OBJ
D:\VS程序\VS2010\第十章\卡尔曼滤波器\OPENCV\DEBUG\OPENCV.EXE.EMBED.MANIFEST
D:\VS程序\VS2010\第十章\卡尔曼滤波器\OPENCV\DEBUG\OPENCV.EXE.EMBED.MANIFEST.RES
D:\VS程序\VS2010\第十章\卡尔曼滤波器\OPENCV\DEBUG\OPENCV.EXE.INTERMEDIATE.MANIFEST
D:\VS程序\VS2010\第十章\卡尔曼滤波器\OPENCV\DEBUG\OPENCV.PCH
D:\VS程序\VS2010\第十章\卡尔曼滤波器\OPENCV\DEBUG\STDAFX.OBJ
D:\VS程序\VS2010\第十章\卡尔曼滤波器\OPENCV\DEBUG\VC100.PDB
