D:\vs程序\vs2010\第10章\Kalman Filter\Kalmanl详细注释\Debug\opencv.exe
D:\vs程序\vs2010\第10章\Kalman Filter\Kalmanl详细注释\Debug\opencv.ilk
D:\vs程序\vs2010\第10章\Kalman Filter\Kalmanl详细注释\Debug\opencv.pdb
D:\vs程序\vs2010\第10章\Kalman Filter\Kalmanl详细注释\opencv\Debug\cl.command.1.tlog
D:\vs程序\vs2010\第10章\Kalman Filter\Kalmanl详细注释\opencv\Debug\CL.read.1.tlog
D:\vs程序\vs2010\第10章\Kalman Filter\Kalmanl详细注释\opencv\Debug\CL.write.1.tlog
D:\vs程序\vs2010\第10章\Kalman Filter\Kalmanl详细注释\opencv\Debug\Kalmanl详细注释.obj
D:\vs程序\vs2010\第10章\Kalman Filter\Kalmanl详细注释\opencv\Debug\link.2660.read.1.tlog
D:\vs程序\vs2010\第10章\Kalman Filter\Kalmanl详细注释\opencv\Debug\link.2660.write.1.tlog
D:\vs程序\vs2010\第10章\Kalman Filter\Kalmanl详细注释\opencv\Debug\link.2660-cvtres.read.1.tlog
D:\vs程序\vs2010\第10章\Kalman Filter\Kalmanl详细注释\opencv\Debug\link.2660-cvtres.write.1.tlog
D:\vs程序\vs2010\第10章\Kalman Filter\Kalmanl详细注释\opencv\Debug\link.command.1.tlog
D:\vs程序\vs2010\第10章\Kalman Filter\Kalmanl详细注释\opencv\Debug\link.read.1.tlog
D:\vs程序\vs2010\第10章\Kalman Filter\Kalmanl详细注释\opencv\Debug\link.write.1.tlog
D:\vs程序\vs2010\第10章\Kalman Filter\Kalmanl详细注释\opencv\Debug\link-cvtres.read.1.tlog
D:\vs程序\vs2010\第10章\Kalman Filter\Kalmanl详细注释\opencv\Debug\link-cvtres.write.1.tlog
D:\vs程序\vs2010\第10章\Kalman Filter\Kalmanl详细注释\opencv\Debug\mt.command.1.tlog
D:\vs程序\vs2010\第10章\Kalman Filter\Kalmanl详细注释\opencv\Debug\mt.read.1.tlog
D:\vs程序\vs2010\第10章\Kalman Filter\Kalmanl详细注释\opencv\Debug\mt.write.1.tlog
D:\vs程序\vs2010\第10章\Kalman Filter\Kalmanl详细注释\opencv\Debug\opencv.exe.embed.manifest
D:\vs程序\vs2010\第10章\Kalman Filter\Kalmanl详细注释\opencv\Debug\opencv.exe.embed.manifest.res
D:\vs程序\vs2010\第10章\Kalman Filter\Kalmanl详细注释\opencv\Debug\opencv.exe.intermediate.manifest
D:\vs程序\vs2010\第10章\Kalman Filter\Kalmanl详细注释\opencv\Debug\opencv.pch
D:\vs程序\vs2010\第10章\Kalman Filter\Kalmanl详细注释\opencv\Debug\opencv_manifest.rc
D:\vs程序\vs2010\第10章\Kalman Filter\Kalmanl详细注释\opencv\Debug\rc.command.1.tlog
D:\vs程序\vs2010\第10章\Kalman Filter\Kalmanl详细注释\opencv\Debug\rc.read.1.tlog
D:\vs程序\vs2010\第10章\Kalman Filter\Kalmanl详细注释\opencv\Debug\rc.write.1.tlog
D:\vs程序\vs2010\第10章\Kalman Filter\Kalmanl详细注释\opencv\Debug\stdafx.obj
D:\vs程序\vs2010\第10章\Kalman Filter\Kalmanl详细注释\opencv\Debug\vc100.idb
D:\vs程序\vs2010\第10章\Kalman Filter\Kalmanl详细注释\opencv\Debug\vc100.pdb
D:\VS程序\VS2010\第10章\KALMANL详细注释\DEBUG\OPENCV.EXE
D:\VS程序\VS2010\第10章\KALMANL详细注释\DEBUG\OPENCV.ILK
D:\VS程序\VS2010\第10章\KALMANL详细注释\DEBUG\OPENCV.PDB
D:\VS程序\VS2010\第10章\KALMANL详细注释\OPENCV\DEBUG\KALMANL详细注释.OBJ
D:\VS程序\VS2010\第10章\KALMANL详细注释\OPENCV\DEBUG\OPENCV.EXE.EMBED.MANIFEST
D:\VS程序\VS2010\第10章\KALMANL详细注释\OPENCV\DEBUG\OPENCV.EXE.EMBED.MANIFEST.RES
D:\VS程序\VS2010\第10章\KALMANL详细注释\OPENCV\DEBUG\OPENCV.EXE.INTERMEDIATE.MANIFEST
D:\VS程序\VS2010\第10章\KALMANL详细注释\OPENCV\DEBUG\OPENCV.PCH
D:\VS程序\VS2010\第10章\KALMANL详细注释\OPENCV\DEBUG\STDAFX.OBJ
D:\VS程序\VS2010\第10章\KALMANL详细注释\OPENCV\DEBUG\VC100.PDB
